<?xml version="1.0" encoding="UTF-8"?>
<!-- Generated by org.testng.reporters.JUnitXMLReporter -->
<testsuite ignored="0" hostname="PSL180" failures="0" tests="4" name="Default test" time="14.242" errors="0" timestamp="2024-02-22T16:36:52 IST">
  <testcase classname="testcase.PTLogin" name="testLogin" time="3.857"/>
  <testcase classname="testcase.PTLogin" name="testLogin" time="0.307"/>
  <testcase classname="testcase.PTLogin" name="testLogin" time="0.522"/>
  <testcase classname="testcase.PTLogin" name="testLogin" time="5.248"/>
</testsuite> <!-- Default test -->
