<?xml version="1.0" encoding="UTF-8"?>
<testng-results ignored="0" total="4" passed="4" failed="0" skipped="0">
  <reporter-output>
  </reporter-output>
  <suite started-at="2024-02-22T16:36:38 IST" name="Default suite" finished-at="2024-02-22T16:36:52 IST" duration-ms="14242">
    <groups>
    </groups>
    <test started-at="2024-02-22T16:36:38 IST" name="Default test" finished-at="2024-02-22T16:36:52 IST" duration-ms="14242">
      <class name="testcase.PTLogin">
        <test-method is-config="true" signature="setUp()[pri:0, instance:testcase.PTLogin@48bb62]" started-at="2024-02-22T16:36:38 IST" name="setUp" finished-at="2024-02-22T16:36:41 IST" duration-ms="3141" status="PASS">
          <reporter-output>
          </reporter-output>
        </test-method> <!-- setUp -->
        <test-method signature="testLogin(java.lang.String,java.lang.String)[pri:0, instance:testcase.PTLogin@48bb62]" started-at="2024-02-22T16:36:42 IST" name="testLogin" data-provider="projectData" finished-at="2024-02-22T16:36:46 IST" duration-ms="3857" status="PASS">
          <params>
            <param index="0">
              <value>
                <![CDATA[standard_user]]>
              </value>
            </param>
            <param index="1">
              <value>
                <![CDATA[secret_sauce]]>
              </value>
            </param>
          </params>
          <reporter-output>
          </reporter-output>
        </test-method> <!-- testLogin -->
        <test-method signature="testLogin(java.lang.String,java.lang.String)[pri:0, instance:testcase.PTLogin@48bb62]" started-at="2024-02-22T16:36:46 IST" name="testLogin" data-provider="projectData" finished-at="2024-02-22T16:36:46 IST" duration-ms="307" status="PASS">
          <params>
            <param index="0">
              <value>
                <![CDATA[locked_out_user]]>
              </value>
            </param>
            <param index="1">
              <value>
                <![CDATA[secret_sauce]]>
              </value>
            </param>
          </params>
          <reporter-output>
          </reporter-output>
        </test-method> <!-- testLogin -->
        <test-method signature="testLogin(java.lang.String,java.lang.String)[pri:0, instance:testcase.PTLogin@48bb62]" started-at="2024-02-22T16:36:46 IST" name="testLogin" data-provider="projectData" finished-at="2024-02-22T16:36:47 IST" duration-ms="522" status="PASS">
          <params>
            <param index="0">
              <value>
                <![CDATA[problem_user]]>
              </value>
            </param>
            <param index="1">
              <value>
                <![CDATA[secret_sauce]]>
              </value>
            </param>
          </params>
          <reporter-output>
          </reporter-output>
        </test-method> <!-- testLogin -->
        <test-method signature="testLogin(java.lang.String,java.lang.String)[pri:0, instance:testcase.PTLogin@48bb62]" started-at="2024-02-22T16:36:47 IST" name="testLogin" data-provider="projectData" finished-at="2024-02-22T16:36:52 IST" duration-ms="5248" status="PASS">
          <params>
            <param index="0">
              <value>
                <![CDATA[performance_glitch_user]]>
              </value>
            </param>
            <param index="1">
              <value>
                <![CDATA[secret_sauce]]>
              </value>
            </param>
          </params>
          <reporter-output>
          </reporter-output>
        </test-method> <!-- testLogin -->
        <test-method is-config="true" signature="tearDown()[pri:0, instance:testcase.PTLogin@48bb62]" started-at="2024-02-22T16:36:52 IST" name="tearDown" finished-at="2024-02-22T16:36:52 IST" duration-ms="263" status="PASS">
          <reporter-output>
          </reporter-output>
        </test-method> <!-- tearDown -->
      </class> <!-- testcase.PTLogin -->
    </test> <!-- Default test -->
  </suite> <!-- Default suite -->
</testng-results>
